#
# There is insufficient memory for the Java Runtime Environment to continue.
# Native memory allocation (malloc) failed to allocate 441216 bytes for Chunk::new
# Possible reasons:
#   The system is out of physical RAM or swap space
#   The process is running with CompressedOops enabled, and the Java Heap may be blocking the growth of the native heap
# Possible solutions:
#   Reduce memory load on the system
#   Increase physical memory or swap space
#   Check if swap backing store is full
#   Decrease Java heap size (-Xmx/-Xms)
#   Decrease number of Java threads
#   Decrease Java thread stack sizes (-Xss)
#   Set larger code cache with -XX:ReservedCodeCacheSize=
#   JVM is running with Unscaled Compressed Oops mode in which the Java heap is
#     placed in the first 4GB address space. The Java Heap base address is the
#     maximum limit for the native heap growth. Please use -XX:HeapBaseMinAddress
#     to set the Java Heap base and to place the Java Heap above 4GB virtual address.
# This output file may be truncated or incomplete.
#
#  Out of Memory Error (allocation.cpp:389), pid=13132, tid=0x0000000000001540
#
# JRE version: Java(TM) SE Runtime Environment (8.0_211-b12) (build 1.8.0_211-b12)
# Java VM: Java HotSpot(TM) 64-Bit Server VM (25.211-b12 mixed mode windows-amd64 compressed oops)
# Failed to write core dump. Minidumps are not enabled by default on client versions of Windows
#

---------------  T H R E A D  ---------------

Current thread (0x0000000013c9f800):  JavaThread "C2 CompilerThread0" daemon [_thread_in_native, id=5440, stack(0x0000000015310000,0x0000000015410000)]

Stack: [0x0000000015310000,0x0000000015410000]
[error occurred during error reporting (printing stack bounds), id 0xc0000005]

Native frames: (J=compiled Java code, j=interpreted, Vv=VM code, C=native code)


Current CompileTask:
C2:  37338 7016       4       org.gradle.internal.reflect.ClassInspector::inspectClass (144 bytes)


---------------  P R O C E S S  ---------------

Java Threads: ( => current thread )
  0x0000000018ce8000 JavaThread "Cache worker for file content cache (C:\Users\joao\bigDrink\android\.gradle\5.5\fileContent)" [_thread_blocked, id=2752, stack(0x0000000021630000,0x0000000021730000)]
  0x0000000018ce7800 JavaThread "Cache worker for file content cache (C:\Users\joao\.gradle\caches\5.5\fileContent)" [_thread_blocked, id=14484, stack(0x0000000021530000,0x0000000021630000)]
  0x0000000018ce4800 JavaThread "Memory manager" [_thread_blocked, id=7332, stack(0x0000000020d30000,0x0000000020e30000)]
  0x0000000018ce6000 JavaThread "Cache worker for Build Output Cleanup Cache (C:\Users\joao\bigDrink\android\.gradle\buildOutputCleanup)" [_thread_blocked, id=12876, stack(0x000000001fb40000,0x000000001fc40000)]
  0x0000000018ce2000 JavaThread "Build operations Thread 4" [_thread_blocked, id=14748, stack(0x000000001f440000,0x000000001f540000)]
  0x0000000018cde800 JavaThread "Build operations Thread 3" [_thread_blocked, id=13560, stack(0x000000001f340000,0x000000001f440000)]
  0x0000000018cdf000 JavaThread "Build operations Thread 2" [_thread_blocked, id=2816, stack(0x000000001e190000,0x000000001e290000)]
  0x0000000018ce5000 JavaThread "Build operations" [_thread_blocked, id=5372, stack(0x000000001de90000,0x000000001df90000)]
  0x0000000016ec6000 JavaThread "Cache worker for execution history cache (C:\Users\joao\.gradle\caches\5.5\executionHistory)" [_thread_blocked, id=6396, stack(0x000000001db90000,0x000000001dc90000)]
  0x0000000016ec5800 JavaThread "Cache worker for cache directory md-rule (C:\Users\joao\.gradle\caches\5.5\md-rule)" [_thread_blocked, id=8784, stack(0x000000001d890000,0x000000001d990000)]
  0x0000000016ec4000 JavaThread "Cache worker for cache directory md-supplier (C:\Users\joao\.gradle\caches\5.5\md-supplier)" [_thread_blocked, id=13736, stack(0x000000001d790000,0x000000001d890000)]
  0x0000000016ebf800 JavaThread "Cache worker for file hash cache (C:\Users\joao\bigDrink\android\.gradle\5.5\fileHashes)" [_thread_blocked, id=16032, stack(0x000000001c0c0000,0x000000001c1c0000)]
  0x0000000016ec0000 JavaThread "Cache worker for journal cache (C:\Users\joao\.gradle\caches\journal-1)" [_thread_blocked, id=12380, stack(0x0000000018880000,0x0000000018980000)]
  0x0000000016ec4800 JavaThread "File lock request listener" [_thread_in_native, id=13192, stack(0x0000000018780000,0x0000000018880000)]
  0x0000000016ec1800 JavaThread "Cache worker for file hash cache (C:\Users\joao\.gradle\caches\5.5\fileHashes)" [_thread_blocked, id=16080, stack(0x0000000018680000,0x0000000018780000)]
  0x0000000016d53000 JavaThread "Thread-9" [_thread_blocked, id=5928, stack(0x0000000018580000,0x0000000018680000)]
  0x0000000016d50000 JavaThread "Stdin handler" [_thread_blocked, id=3892, stack(0x0000000018480000,0x0000000018580000)]
  0x000000001621f800 JavaThread "Asynchronous log dispatcher for DefaultDaemonConnection: socket connection from /127.0.0.1:49393 to /127.0.0.1:49394" [_thread_blocked, id=13420, stack(0x0000000018380000,0x0000000018480000)]
  0x0000000015905800 JavaThread "Daemon worker" [_thread_in_Java, id=13776, stack(0x0000000018280000,0x0000000018380000)]
  0x0000000015904000 JavaThread "Cancel handler" [_thread_blocked, id=6228, stack(0x0000000018180000,0x0000000018280000)]
  0x0000000016277000 JavaThread "Handler for socket connection from /127.0.0.1:49393 to /127.0.0.1:49394" [_thread_in_native, id=16240, stack(0x0000000017e80000,0x0000000017f80000)]
  0x0000000016274800 JavaThread "Daemon" [_thread_blocked, id=13316, stack(0x0000000017d80000,0x0000000017e80000)]
  0x00000000160a0800 JavaThread "Daemon periodic checks" [_thread_blocked, id=944, stack(0x0000000017c80000,0x0000000017d80000)]
  0x000000001609f000 JavaThread "Incoming local TCP Connector on port 49393" [_thread_in_native, id=1560, stack(0x0000000017a20000,0x0000000017b20000)]
  0x0000000016a52000 JavaThread "Daemon health stats" [_thread_blocked, id=6384, stack(0x00000000173e0000,0x00000000174e0000)]
  0x0000000015628800 JavaThread "Service Thread" daemon [_thread_blocked, id=11596, stack(0x0000000015a10000,0x0000000015b10000)]
  0x0000000013ca7000 JavaThread "C1 CompilerThread2" daemon [_thread_blocked, id=8024, stack(0x0000000015510000,0x0000000015610000)]
  0x0000000013ca4000 JavaThread "C2 CompilerThread1" daemon [_thread_in_native, id=14828, stack(0x0000000015410000,0x0000000015510000)]
=>0x0000000013c9f800 JavaThread "C2 CompilerThread0" daemon [_thread_in_native, id=5440, stack(0x0000000015310000,0x0000000015410000)]
  0x0000000013c9e000 JavaThread "Attach Listener" daemon [_thread_blocked, id=5920, stack(0x0000000015210000,0x0000000015310000)]
  0x0000000013c9a800 JavaThread "Signal Dispatcher" daemon [_thread_blocked, id=13436, stack(0x0000000015110000,0x0000000015210000)]
  0x000000000287a800 JavaThread "Finalizer" daemon [_thread_blocked, id=7580, stack(0x0000000014f00000,0x0000000015000000)]
  0x0000000002871800 JavaThread "Reference Handler" daemon [_thread_blocked, id=5976, stack(0x0000000014e00000,0x0000000014f00000)]
  0x00000000025de800 JavaThread "main" [_thread_blocked, id=10692, stack(0x0000000002680000,0x0000000002780000)]

Other Threads:
  0x0000000013c67800 VMThread [stack: 0x0000000014d00000,0x0000000014e00000] [id=3364]
  0x000000001562a000 WatcherThread [stack: 0x0000000015b10000,0x0000000015c10000] [id=4156]

VM state:not at safepoint (normal execution)

VM Mutex/Monitor currently owned by a thread: None

heap address: 0x00000000e0000000, size: 512 MB, Compressed Oops mode: 32-bit
Narrow klass base: 0x0000000000000000, Narrow klass shift: 3
Compressed class space size: 1073741824 Address: 0x0000000100000000

Heap:
 PSYoungGen      total 146432K, used 48861K [0x00000000f5580000, 0x0000000100000000, 0x0000000100000000)
  eden space 130560K, 25% used [0x00000000f5580000,0x00000000f75bedc8,0x00000000fd500000)
  from space 15872K, 99% used [0x00000000fd500000,0x00000000fe478700,0x00000000fe480000)
  to   space 22528K, 0% used [0x00000000fea00000,0x00000000fea00000,0x0000000100000000)
 ParOldGen       total 186368K, used 35798K [0x00000000e0000000, 0x00000000eb600000, 0x00000000f5580000)
  object space 186368K, 19% used [0x00000000e0000000,0x00000000e22f5810,0x00000000eb600000)
 Metaspace       used 66341K, capacity 68584K, committed 68736K, reserved 1107968K
  class space    used 9175K, capacity 9790K, committed 9856K, reserved 1048576K

Card table byte_map: [0x0000000011c40000,0x0000000011d50000] byte_map_base: 0x0000000011540000

Marking Bits: (ParMarkBitMap*) 0x0000000059a35ce0
 Begin Bits: [0x0000000012200000, 0x0000000012a00000)
 End Bits:   [0x0000000012a00000, 0x0000000013200000)

Polling page: 0x0000000000a10000

CodeCache: size=245760Kb used=21153Kb max_used=21153Kb free=224606Kb
 bounds [0x0000000002880000, 0x0000000003d40000, 0x0000000011880000]
 total_blobs=7151 nmethods=6298 adapters=765
 compilation: enabled

Compilation events (10 events):
Event: 37.318 Thread 0x0000000013ca7000 7035       3       org.gradle.api.internal.tasks.properties.AbstractPropertyNode::getQualifiedPropertyName (38 bytes)
Event: 37.318 Thread 0x0000000013ca7000 nmethod 7035 0x0000000003d39250 code [0x0000000003d39420, 0x0000000003d39cb8]
Event: 37.318 Thread 0x0000000013ca7000 7036       3       org.gradle.api.internal.tasks.properties.bean.AbstractNestedRuntimeBeanNode$BeanPropertyValue::<init> (35 bytes)
Event: 37.319 Thread 0x0000000013ca7000 nmethod 7036 0x0000000003d39fd0 code [0x0000000003d3a180, 0x0000000003d3a7c8]
Event: 37.319 Thread 0x0000000013ca7000 7037       3       org.gradle.api.internal.tasks.properties.bean.AbstractNestedRuntimeBeanNode$1::<init> (20 bytes)
Event: 37.319 Thread 0x0000000013ca7000 nmethod 7037 0x0000000003d3aad0 code [0x0000000003d3ac20, 0x0000000003d3ae10]
Event: 37.319 Thread 0x0000000013ca7000 7038       3       org.gradle.api.internal.tasks.properties.DefaultTypeMetadataStore$DefaultPropertyMetadata::isAnnotationPresent (11 bytes)
Event: 37.319 Thread 0x0000000013ca7000 nmethod 7038 0x0000000003d3aed0 code [0x0000000003d3b040, 0x0000000003d3b308]
Event: 37.319 Thread 0x0000000013ca7000 7039       3       org.gradle.api.internal.tasks.properties.DefaultTypeMetadataStore$DefaultPropertyMetadata::getGetterMethod (10 bytes)
Event: 37.319 Thread 0x0000000013ca7000 nmethod 7039 0x0000000003d3b450 code [0x0000000003d3b5c0, 0x0000000003d3b770]

GC Heap History (10 events):
Event: 21.529 GC heap before
{Heap before GC invocations=8 (full 2):
 PSYoungGen      total 160256K, used 8964K [0x00000000f5580000, 0x0000000100000000, 0x0000000100000000)
  eden space 145408K, 0% used [0x00000000f5580000,0x00000000f5580000,0x00000000fe380000)
  from space 14848K, 60% used [0x00000000ff180000,0x00000000ffa41270,0x0000000100000000)
  to   space 14336K, 0% used [0x00000000fe380000,0x00000000fe380000,0x00000000ff180000)
 ParOldGen       total 175104K, used 13511K [0x00000000e0000000, 0x00000000eab00000, 0x00000000f5580000)
  object space 175104K, 7% used [0x00000000e0000000,0x00000000e0d31d50,0x00000000eab00000)
 Metaspace       used 34567K, capacity 35358K, committed 35416K, reserved 1079296K
  class space    used 4879K, capacity 5106K, committed 5120K, reserved 1048576K
Event: 21.581 GC heap after
Heap after GC invocations=8 (full 2):
 PSYoungGen      total 160256K, used 0K [0x00000000f5580000, 0x0000000100000000, 0x0000000100000000)
  eden space 145408K, 0% used [0x00000000f5580000,0x00000000f5580000,0x00000000fe380000)
  from space 14848K, 0% used [0x00000000ff180000,0x00000000ff180000,0x0000000100000000)
  to   space 14336K, 0% used [0x00000000fe380000,0x00000000fe380000,0x00000000ff180000)
 ParOldGen       total 175104K, used 15983K [0x00000000e0000000, 0x00000000eab00000, 0x00000000f5580000)
  object space 175104K, 9% used [0x00000000e0000000,0x00000000e0f9bdd0,0x00000000eab00000)
 Metaspace       used 34560K, capacity 35334K, committed 35416K, reserved 1079296K
  class space    used 4877K, capacity 5102K, committed 5120K, reserved 1048576K
}
Event: 25.942 GC heap before
{Heap before GC invocations=9 (full 2):
 PSYoungGen      total 160256K, used 145408K [0x00000000f5580000, 0x0000000100000000, 0x0000000100000000)
  eden space 145408K, 100% used [0x00000000f5580000,0x00000000fe380000,0x00000000fe380000)
  from space 14848K, 0% used [0x00000000ff180000,0x00000000ff180000,0x0000000100000000)
  to   space 14336K, 0% used [0x00000000fe380000,0x00000000fe380000,0x00000000ff180000)
 ParOldGen       total 175104K, used 15983K [0x00000000e0000000, 0x00000000eab00000, 0x00000000f5580000)
  object space 175104K, 9% used [0x00000000e0000000,0x00000000e0f9bdd0,0x00000000eab00000)
 Metaspace       used 46341K, capacity 47654K, committed 47744K, reserved 1089536K
  class space    used 6385K, capacity 6768K, committed 6784K, reserved 1048576K
Event: 25.972 GC heap after
Heap after GC invocations=9 (full 2):
 PSYoungGen      total 159744K, used 14320K [0x00000000f5580000, 0x0000000100000000, 0x0000000100000000)
  eden space 145408K, 0% used [0x00000000f5580000,0x00000000f5580000,0x00000000fe380000)
  from space 14336K, 99% used [0x00000000fe380000,0x00000000ff17c318,0x00000000ff180000)
  to   space 14848K, 0% used [0x00000000ff180000,0x00000000ff180000,0x0000000100000000)
 ParOldGen       total 175104K, used 19671K [0x00000000e0000000, 0x00000000eab00000, 0x00000000f5580000)
  object space 175104K, 11% used [0x00000000e0000000,0x00000000e1335f00,0x00000000eab00000)
 Metaspace       used 46341K, capacity 47654K, committed 47744K, reserved 1089536K
  class space    used 6385K, capacity 6768K, committed 6784K, reserved 1048576K
}
Event: 33.077 GC heap before
{Heap before GC invocations=10 (full 2):
 PSYoungGen      total 159744K, used 138786K [0x00000000f5580000, 0x0000000100000000, 0x0000000100000000)
  eden space 145408K, 85% used [0x00000000f5580000,0x00000000fcf0c508,0x00000000fe380000)
  from space 14336K, 99% used [0x00000000fe380000,0x00000000ff17c318,0x00000000ff180000)
  to   space 14848K, 0% used [0x00000000ff180000,0x00000000ff180000,0x0000000100000000)
 ParOldGen       total 175104K, used 19671K [0x00000000e0000000, 0x00000000eab00000, 0x00000000f5580000)
  object space 175104K, 11% used [0x00000000e0000000,0x00000000e1335f00,0x00000000eab00000)
 Metaspace       used 57085K, capacity 58770K, committed 59008K, reserved 1099776K
  class space    used 7854K, capacity 8309K, committed 8320K, reserved 1048576K
Event: 33.096 GC heap after
Heap after GC invocations=10 (full 2):
 PSYoungGen      total 145408K, used 14829K [0x00000000f5580000, 0x0000000100000000, 0x0000000100000000)
  eden space 130560K, 0% used [0x00000000f5580000,0x00000000f5580000,0x00000000fd500000)
  from space 14848K, 99% used [0x00000000ff180000,0x00000000ffffb7a0,0x0000000100000000)
  to   space 22016K, 0% used [0x00000000fd500000,0x00000000fd500000,0x00000000fea80000)
 ParOldGen       total 175104K, used 26368K [0x00000000e0000000, 0x00000000eab00000, 0x00000000f5580000)
  object space 175104K, 15% used [0x00000000e0000000,0x00000000e19c03c0,0x00000000eab00000)
 Metaspace       used 57085K, capacity 58770K, committed 59008K, reserved 1099776K
  class space    used 7854K, capacity 8309K, committed 8320K, reserved 1048576K
}
Event: 33.096 GC heap before
{Heap before GC invocations=11 (full 3):
 PSYoungGen      total 145408K, used 14829K [0x00000000f5580000, 0x0000000100000000, 0x0000000100000000)
  eden space 130560K, 0% used [0x00000000f5580000,0x00000000f5580000,0x00000000fd500000)
  from space 14848K, 99% used [0x00000000ff180000,0x00000000ffffb7a0,0x0000000100000000)
  to   space 22016K, 0% used [0x00000000fd500000,0x00000000fd500000,0x00000000fea80000)
 ParOldGen       total 175104K, used 26368K [0x00000000e0000000, 0x00000000eab00000, 0x00000000f5580000)
  object space 175104K, 15% used [0x00000000e0000000,0x00000000e19c03c0,0x00000000eab00000)
 Metaspace       used 57085K, capacity 58770K, committed 59008K, reserved 1099776K
  class space    used 7854K, capacity 8309K, committed 8320K, reserved 1048576K
Event: 33.297 GC heap after
Heap after GC invocations=11 (full 3):
 PSYoungGen      total 145408K, used 0K [0x00000000f5580000, 0x0000000100000000, 0x0000000100000000)
  eden space 130560K, 0% used [0x00000000f5580000,0x00000000f5580000,0x00000000fd500000)
  from space 14848K, 0% used [0x00000000ff180000,0x00000000ff180000,0x0000000100000000)
  to   space 22016K, 0% used [0x00000000fd500000,0x00000000fd500000,0x00000000fea80000)
 ParOldGen       total 186368K, used 35790K [0x00000000e0000000, 0x00000000eb600000, 0x00000000f5580000)
  object space 186368K, 19% used [0x00000000e0000000,0x00000000e22f3810,0x00000000eb600000)
 Metaspace       used 57085K, capacity 58770K, committed 59008K, reserved 1099776K
  class space    used 7854K, capacity 8309K, committed 8320K, reserved 1048576K
}
Event: 35.872 GC heap before
{Heap before GC invocations=12 (full 3):
 PSYoungGen      total 145408K, used 130560K [0x00000000f5580000, 0x0000000100000000, 0x0000000100000000)
  eden space 130560K, 100% used [0x00000000f5580000,0x00000000fd500000,0x00000000fd500000)
  from space 14848K, 0% used [0x00000000ff180000,0x00000000ff180000,0x0000000100000000)
  to   space 22016K, 0% used [0x00000000fd500000,0x00000000fd500000,0x00000000fea80000)
 ParOldGen       total 186368K, used 35790K [0x00000000e0000000, 0x00000000eb600000, 0x00000000f5580000)
  object space 186368K, 19% used [0x00000000e0000000,0x00000000e22f3810,0x00000000eb600000)
 Metaspace       used 64840K, capacity 67008K, committed 67200K, reserved 1107968K
  class space    used 8983K, capacity 9550K, committed 9600K, reserved 1048576K
Event: 35.887 GC heap after
Heap after GC invocations=12 (full 3):
 PSYoungGen      total 146432K, used 15841K [0x00000000f5580000, 0x0000000100000000, 0x0000000100000000)
  eden space 130560K, 0% used [0x00000000f5580000,0x00000000f5580000,0x00000000fd500000)
  from space 15872K, 99% used [0x00000000fd500000,0x00000000fe478700,0x00000000fe480000)
  to   space 22528K, 0% used [0x00000000fea00000,0x00000000fea00000,0x0000000100000000)
 ParOldGen       total 186368K, used 35798K [0x00000000e0000000, 0x00000000eb600000, 0x00000000f5580000)
  object space 186368K, 19% used [0x00000000e0000000,0x00000000e22f5810,0x00000000eb600000)
 Metaspace       used 64840K, capacity 67008K, committed 67200K, reserved 1107968K
  class space    used 8983K, capacity 9550K, committed 9600K, reserved 1048576K
}

Deoptimization events (10 events):
Event: 35.188 Thread 0x0000000015905800 Uncommon trap: reason=unstable_if action=reinterpret pc=0x00000000029f87f0 method=java.util.concurrent.ConcurrentHashMap.putVal(Ljava/lang/Object;Ljava/lang/Object;Z)Ljava/lang/Object; @ 331
Event: 35.192 Thread 0x0000000015905800 Uncommon trap: reason=unstable_if action=reinterpret pc=0x000000000299e31c method=java.util.concurrent.ConcurrentHashMap.transfer([Ljava/util/concurrent/ConcurrentHashMap$Node;[Ljava/util/concurrent/ConcurrentHashMap$Node;)V @ 356
Event: 35.286 Thread 0x0000000015905800 Uncommon trap: reason=unstable_if action=reinterpret pc=0x0000000002b96928 method=java.net.URI$Parser.scan(IILjava/lang/String;Ljava/lang/String;)I @ 23
Event: 35.596 Thread 0x0000000015905800 Uncommon trap: reason=unstable_if action=reinterpret pc=0x00000000038ad8f8 method=sun.nio.fs.WindowsPathParser.isSlash(C)Z @ 9
Event: 35.609 Thread 0x0000000015905800 Uncommon trap: reason=class_check action=maybe_recompile pc=0x0000000002b192a4 method=java.util.jar.JarFile.getJarEntry(Ljava/lang/String;)Ljava/util/jar/JarEntry; @ 2
Event: 35.906 Thread 0x0000000015905800 Uncommon trap: reason=unstable_if action=reinterpret pc=0x00000000033622a0 method=java.util.Arrays.equals([B[B)Z @ 12
Event: 36.100 Thread 0x0000000015905800 Uncommon trap: reason=unstable_if action=reinterpret pc=0x0000000002fb0aa8 method=java.util.regex.Pattern$Branch.match(Ljava/util/regex/Matcher;ILjava/lang/CharSequence;)Z @ 35
Event: 36.306 Thread 0x0000000015905800 Uncommon trap: reason=unstable_if action=reinterpret pc=0x0000000002b6b66c method=java.lang.CharacterDataLatin1.digit(II)I @ 60
Event: 36.308 Thread 0x0000000015905800 Uncommon trap: reason=unstable_if action=reinterpret pc=0x0000000002d071e4 method=java.lang.CharacterDataLatin1.digit(II)I @ 60
Event: 36.908 Thread 0x0000000015905800 Uncommon trap: reason=unstable_if action=reinterpret pc=0x0000000003c12514 method=com.esotericsoftware.kryo.io.Input.readString()Ljava/lang/String; @ 38

Classes redefined (0 events):
No events

Internal exceptions (10 events):
Event: 34.420 Thread 0x0000000015905800 Exception <a 'java/lang/ClassNotFoundException': build_ciszlle4rpu0pe60ok8kml291$_run_closure1BeanInfo> (0x00000000f9d93a78) thrown at [C:\re\workspace\8-2-build-windows-amd64-cygwin\jdk8u211\12973\hotspot\src\share\vm\classfile\systemDictionary.cpp, line
Event: 34.420 Thread 0x0000000015905800 Exception <a 'java/lang/ClassNotFoundException': build_ciszlle4rpu0pe60ok8kml291$_run_closure1Customizer> (0x00000000f9da3480) thrown at [C:\re\workspace\8-2-build-windows-amd64-cygwin\jdk8u211\12973\hotspot\src\share\vm\classfile\systemDictionary.cpp, li
Event: 34.502 Thread 0x0000000015905800 Exception <a 'java/lang/ClassNotFoundException': com/android/build/gradle/internal/api/LibraryVariantOutputImpl_DecoratedBeanInfo> (0x00000000fa1be898) thrown at [C:\re\workspace\8-2-build-windows-amd64-cygwin\jdk8u211\12973\hotspot\src\share\vm\classfile
Event: 34.503 Thread 0x0000000015905800 Exception <a 'java/lang/ClassNotFoundException': com/android/build/gradle/internal/api/LibraryVariantOutputImplBeanInfo> (0x00000000fa1da4b0) thrown at [C:\re\workspace\8-2-build-windows-amd64-cygwin\jdk8u211\12973\hotspot\src\share\vm\classfile\systemDic
Event: 34.503 Thread 0x0000000015905800 Exception <a 'java/lang/ClassNotFoundException': com/android/build/gradle/internal/api/LibraryVariantOutputImplCustomizer> (0x00000000fa1f6ae0) thrown at [C:\re\workspace\8-2-build-windows-amd64-cygwin\jdk8u211\12973\hotspot\src\share\vm\classfile\systemD
Event: 34.503 Thread 0x0000000015905800 Exception <a 'java/lang/ClassNotFoundException': com/android/build/gradle/internal/api/LibraryVariantOutputImpl_DecoratedCustomizer> (0x00000000fa220320) thrown at [C:\re\workspace\8-2-build-windows-amd64-cygwin\jdk8u211\12973\hotspot\src\share\vm\classfi
Event: 34.664 Thread 0x0000000015905800 Implicit null exception at 0x0000000002f9ac28 to 0x0000000002f9b151
Event: 34.735 Thread 0x0000000015905800 Implicit null exception at 0x00000000032a212f to 0x00000000032a21cd
Event: 35.098 Thread 0x0000000015905800 Implicit null exception at 0x000000000302600f to 0x0000000003028409
Event: 35.906 Thread 0x0000000015905800 Implicit null exception at 0x0000000003362158 to 0x000000000336228d

Events (10 events):
Event: 37.315 loading class org/gradle/api/attributes/AttributeContainer
Event: 37.315 loading class org/gradle/api/attributes/AttributeContainer done
Event: 37.316 loading class org/gradle/api/Action
Event: 37.316 loading class org/gradle/api/Action done
Event: 37.316 loading class org/gradle/api/Action
Event: 37.316 loading class org/gradle/api/Action done
Event: 37.316 loading class org/gradle/api/Action
Event: 37.316 loading class org/gradle/api/Action done
Event: 37.319 loading class com/android/builder/model/SourceProvider
Event: 37.319 loading class com/android/builder/model/SourceProvider done


Dynamic libraries:
0x00007ff7faef0000 - 0x00007ff7faf27000 	C:\Program Files\Java\jdk1.8.0_211\bin\java.exe
0x00007fff304e0000 - 0x00007fff306cd000 	C:\WINDOWS\SYSTEM32\ntdll.dll
0x00007fff2fc60000 - 0x00007fff2fd13000 	C:\WINDOWS\System32\KERNEL32.DLL
0x00007fff2d140000 - 0x00007fff2d3d3000 	C:\WINDOWS\System32\KERNELBASE.dll
0x00007fff2fbb0000 - 0x00007fff2fc53000 	C:\WINDOWS\System32\ADVAPI32.dll
0x00007fff2fe40000 - 0x00007fff2fede000 	C:\WINDOWS\System32\msvcrt.dll
0x00007fff2dc10000 - 0x00007fff2dcae000 	C:\WINDOWS\System32\sechost.dll
0x00007fff2d8b0000 - 0x00007fff2d9d2000 	C:\WINDOWS\System32\RPCRT4.dll
0x00007fff2fa10000 - 0x00007fff2fba7000 	C:\WINDOWS\System32\USER32.dll
0x00007fff2c760000 - 0x00007fff2c780000 	C:\WINDOWS\System32\win32u.dll
0x00007fff2dd40000 - 0x00007fff2dd69000 	C:\WINDOWS\System32\GDI32.dll
0x00007fff2c780000 - 0x00007fff2c919000 	C:\WINDOWS\System32\gdi32full.dll
0x00007fff2d5e0000 - 0x00007fff2d680000 	C:\WINDOWS\System32\msvcp_win.dll
0x00007fff2d680000 - 0x00007fff2d77a000 	C:\WINDOWS\System32\ucrtbase.dll
0x00007fff216a0000 - 0x00007fff21919000 	C:\WINDOWS\WinSxS\amd64_microsoft.windows.common-controls_6595b64144ccf1df_6.0.17763.914_none_05b346b2072102f2\COMCTL32.dll
0x00007fff30050000 - 0x00007fff3037c000 	C:\WINDOWS\System32\combase.dll
0x00007fff2c920000 - 0x00007fff2c99e000 	C:\WINDOWS\System32\bcryptPrimitives.dll
0x00007fff2da90000 - 0x00007fff2dabe000 	C:\WINDOWS\System32\IMM32.DLL
0x0000000059ac0000 - 0x0000000059b92000 	C:\Program Files\Java\jdk1.8.0_211\jre\bin\msvcr100.dll
0x0000000059210000 - 0x0000000059ab5000 	C:\Program Files\Java\jdk1.8.0_211\jre\bin\server\jvm.dll
0x00007fff2dac0000 - 0x00007fff2dac8000 	C:\WINDOWS\System32\PSAPI.DLL
0x00007fff28ea0000 - 0x00007fff28ea9000 	C:\WINDOWS\SYSTEM32\WSOCK32.dll
0x00007fff2dcb0000 - 0x00007fff2dd1d000 	C:\WINDOWS\System32\WS2_32.dll
0x00007fff2a730000 - 0x00007fff2a754000 	C:\WINDOWS\SYSTEM32\WINMM.dll
0x00007fff27560000 - 0x00007fff2756a000 	C:\WINDOWS\SYSTEM32\VERSION.dll
0x00007fff2a6d0000 - 0x00007fff2a6fd000 	C:\WINDOWS\SYSTEM32\WINMMBASE.dll
0x00007fff2c9a0000 - 0x00007fff2c9ea000 	C:\WINDOWS\System32\cfgmgr32.dll
0x00007fff28e90000 - 0x00007fff28e9f000 	C:\Program Files\Java\jdk1.8.0_211\jre\bin\verify.dll
0x00007fff1c5c0000 - 0x00007fff1c5e9000 	C:\Program Files\Java\jdk1.8.0_211\jre\bin\java.dll
0x00007fff28e70000 - 0x00007fff28e86000 	C:\Program Files\Java\jdk1.8.0_211\jre\bin\zip.dll
0x00007fff2ded0000 - 0x00007fff2f3c4000 	C:\WINDOWS\System32\SHELL32.dll
0x00007fff2fd20000 - 0x00007fff2fdc8000 	C:\WINDOWS\System32\shcore.dll
0x00007fff2c9f0000 - 0x00007fff2d13d000 	C:\WINDOWS\System32\windows.storage.dll
0x00007fff2c5f0000 - 0x00007fff2c614000 	C:\WINDOWS\System32\profapi.dll
0x00007fff2c570000 - 0x00007fff2c5cd000 	C:\WINDOWS\System32\powrprof.dll
0x00007fff2d850000 - 0x00007fff2d8a2000 	C:\WINDOWS\System32\shlwapi.dll
0x00007fff2c550000 - 0x00007fff2c561000 	C:\WINDOWS\System32\kernel.appcore.dll
0x00007fff2d3e0000 - 0x00007fff2d3f7000 	C:\WINDOWS\System32\cryptsp.dll
0x00007fff14e80000 - 0x00007fff14e9a000 	C:\Program Files\Java\jdk1.8.0_211\jre\bin\net.dll
0x00007fff210a0000 - 0x00007fff21277000 	C:\WINDOWS\SYSTEM32\urlmon.dll
0x00007fff1cc20000 - 0x00007fff1cec8000 	C:\WINDOWS\SYSTEM32\iertutil.dll
0x00007fff2bef0000 - 0x00007fff2befc000 	C:\WINDOWS\SYSTEM32\CRYPTBASE.DLL
0x00007fff2bd70000 - 0x00007fff2bdd7000 	C:\WINDOWS\system32\mswsock.dll
0x00007fff14e60000 - 0x00007fff14e72000 	C:\Program Files\Java\jdk1.8.0_211\jre\bin\nio.dll
0x00007fff14df0000 - 0x00007fff14e16000 	C:\Users\joao\.gradle\native\29\windows-amd64\native-platform.dll
0x00007fff14b10000 - 0x00007fff14b1d000 	C:\Program Files\Java\jdk1.8.0_211\jre\bin\management.dll
0x00007fff2b900000 - 0x00007fff2b933000 	C:\WINDOWS\system32\rsaenh.dll
0x00007fff2c6d0000 - 0x00007fff2c6f6000 	C:\WINDOWS\System32\bcrypt.dll
0x00007fff2c480000 - 0x00007fff2c4a8000 	C:\WINDOWS\SYSTEM32\USERENV.dll
0x00007fff2baa0000 - 0x00007fff2badd000 	C:\WINDOWS\SYSTEM32\IPHLPAPI.DLL
0x00007fff2fe30000 - 0x00007fff2fe38000 	C:\WINDOWS\System32\NSI.dll
0x00007fff27510000 - 0x00007fff27526000 	C:\WINDOWS\SYSTEM32\dhcpcsvc6.DLL
0x00007fff27440000 - 0x00007fff2745c000 	C:\WINDOWS\SYSTEM32\dhcpcsvc.DLL
0x00007fff2bae0000 - 0x00007fff2bba6000 	C:\WINDOWS\SYSTEM32\DNSAPI.dll
0x00007fff14e30000 - 0x00007fff14e54000 	C:\Program Files\Java\jdk1.8.0_211\jre\bin\sunec.dll
0x00007fff202b0000 - 0x00007fff202ba000 	C:\Windows\System32\rasadhlp.dll
0x00007fff20840000 - 0x00007fff208b9000 	C:\WINDOWS\System32\fwpuclnt.dll
0x00007fff14e20000 - 0x00007fff14e2b000 	C:\Program Files\Java\jdk1.8.0_211\jre\bin\sunmscapi.dll
0x00007fff2d400000 - 0x00007fff2d5db000 	C:\WINDOWS\System32\CRYPT32.dll
0x00007fff2c5d0000 - 0x00007fff2c5e2000 	C:\WINDOWS\System32\MSASN1.dll

VM Arguments:
jvm_args: -XX:MaxMetaspaceSize=256m -XX:+HeapDumpOnOutOfMemoryError -Xms256m -Xmx512m -Dfile.encoding=windows-1252 -Duser.country=BR -Duser.language=pt -Duser.variant 
java_command: org.gradle.launcher.daemon.bootstrap.GradleDaemon 5.5
java_class_path (initial): C:\Users\joao\.gradle\wrapper\dists\gradle-5.5-all\byeise1led9a3w3p149d02kfj\gradle-5.5\lib\gradle-launcher-5.5.jar
Launcher Type: SUN_STANDARD

Environment Variables:
JAVA_HOME=C:\Program Files\Java\jdk1.8.0_211
CLASSPATH=C:\Users\joao\bigDrink\android\\gradle\wrapper\gradle-wrapper.jar
PATH=C:\Program Files\Docker\Docker\Resources\bin;C:\Python27\;C:\Python27\Scripts;C:\Windows\system32;C:\Windows;C:\Windows\System32\Wbem;C:\Windows\System32\WindowsPowerShell\v1.0\;C:\Program Files\NVIDIA Corporation\NVIDIA NvDLISR;C:\Program Files (x86)\NVIDIA Corporation\PhysX\Common;C:\WINDOWS\system32;C:\WINDOWS;C:\WINDOWS\System32\Wbem;C:\WINDOWS\System32\WindowsPowerShell\v1.0\;C:\WINDOWS\System32\OpenSSH\;C:\ProgramData\chocolatey\bin;C:\Program Files\nodejs\;C:\Program Files\Java\jdk1.8.0_211\bin;C:\Program Files (x86)\Yarn\bin\;C:\Program Files\Git\cmd;C:\composer;C:\tools\php73;C:\Users\joao\AppData\Local\Microsoft\WindowsApps;C:\Users\joao\AppData\Roaming\npm;C:\Users\joao\AppData\Local\Android\Sdk\platform-tools;C:\Nova pasta\flutter\bin;C:\Users\joao\AppData\Local\Programs\Microsoft VS Code\bin;C:\Users\joao\AppData\Local\Yarn\bin;C:\Users\joao\AppData\Local\hyper\app-3.0.2\resources\bin;C:\php;C:\Users\joao\AppData\Roaming\Composer\vendor\bin;C:\tools\mysql\current\bin;C:\php\ext;
USERNAME=joao
OS=Windows_NT
PROCESSOR_IDENTIFIER=Intel64 Family 6 Model 60 Stepping 3, GenuineIntel



---------------  S Y S T E M  ---------------

OS: Windows 10.0 , 64 bit Build 17763 (10.0.17763.475)

CPU:total 4 (initial active 4) (4 cores per cpu, 1 threads per core) family 6 model 60 stepping 3, cmov, cx8, fxsr, mmx, sse, sse2, sse3, ssse3, sse4.1, sse4.2, popcnt, avx, avx2, aes, clmul, erms, lzcnt, tsc, tscinvbit, bmi1, bmi2

Memory: 4k page, physical 8331276k(456604k free), swap 17923116k(5196k free)

vm_info: Java HotSpot(TM) 64-Bit Server VM (25.211-b12) for windows-amd64 JRE (1.8.0_211-b12), built on Apr  1 2019 20:53:26 by "java_re" with MS VC++ 10.0 (VS2010)

time: Sat Dec 14 12:25:56 2019
timezone: Hora oficial do Brasil
elapsed time: 37 seconds (0d 0h 0m 37s)

